[  0%] Built target edgex-qt-ui_autogen_timestamp_deps
[  2%] Automatic MOC and UIC for target edgex-qt-ui
[  2%] Built target edgex-qt-ui_autogen
[  4%] Building CXX object CMakeFiles/edgex-qt-ui.dir/edgex-qt-ui_autogen/mocs_compilation.cpp.o
[  7%] Building CXX object CMakeFiles/edgex-qt-ui.dir/src/AddDeviceWizard.cpp.o
[  9%] Building CXX object CMakeFiles/edgex-qt-ui.dir/src/AppServicesView.cpp.o
[ 12%] Building CXX object CMakeFiles/edgex-qt-ui.dir/src/CommandExecutionView.cpp.o
[ 14%] Building CXX object CMakeFiles/edgex-qt-ui.dir/src/DashboardView.cpp.o
[ 17%] Building CXX object CMakeFiles/edgex-qt-ui.dir/src/ConfigManager.cpp.o
[ 19%] Building CXX object CMakeFiles/edgex-qt-ui.dir/src/DeviceServicesView.cpp.o
[ 21%] Building CXX object CMakeFiles/edgex-qt-ui.dir/src/DevicesView.cpp.o
[ 24%] Building CXX object CMakeFiles/edgex-qt-ui.dir/src/EventsReadingsView.cpp.o
[ 26%] Building CXX object CMakeFiles/edgex-qt-ui.dir/src/MainWindow.cpp.o
[ 29%] Building CXX object CMakeFiles/edgex-qt-ui.dir/src/NotificationView.cpp.o
[ 31%] Building CXX object CMakeFiles/edgex-qt-ui.dir/src/ProfilesView.cpp.o
[ 34%] Building CXX object CMakeFiles/edgex-qt-ui.dir/src/RulesEngineView.cpp.o
[ 36%] Building CXX object CMakeFiles/edgex-qt-ui.dir/src/SchedulerView.cpp.o
[ 39%] Building CXX object CMakeFiles/edgex-qt-ui.dir/src/ServiceStatusModel.cpp.o
[ 41%] Building CXX object CMakeFiles/edgex-qt-ui.dir/src/SettingsDialog.cpp.o
[ 43%] Building CXX object CMakeFiles/edgex-qt-ui.dir/src/SystemClient.cpp.o
[ 46%] Building CXX object CMakeFiles/edgex-qt-ui.dir/src/SystemStatusView.cpp.o
[01m[K/home/amit/src/edgex/edgex-gui/src/SystemClient.cpp:15:6:[m[K [01;31m[Kerror: [m[Kexpected unqualified-id before ‘[01m[K)[m[K’ token
   15 |     }[01;31m[K)[m[K;
      |      [01;31m[K^[m[K
[01m[K/home/amit/src/edgex/edgex-gui/src/SystemClient.cpp:16:1:[m[K [01;31m[Kerror: [m[Kexpected declaration before ‘[01m[K}[m[K’ token
   16 | [01;31m[K}[m[K
      | [01;31m[K^[m[K
make[2]: *** [CMakeFiles/edgex-qt-ui.dir/build.make:552: CMakeFiles/edgex-qt-ui.dir/src/SystemClient.cpp.o] Error 1
make[2]: *** Waiting for unfinished jobs....
make[1]: *** [CMakeFiles/Makefile2:86: CMakeFiles/edgex-qt-ui.dir/all] Error 2
make: *** [Makefile:91: all] Error 2
